09.09.2022 13:50:11	This log contains information about the import schema operation into project 'DataModel' on computer 'S340' by user 'Miloš Truhlář'.
09.09.2022 13:50:11	Import of database schema has started.
09.09.2022 13:50:20	Gathering database credentials
09.09.2022 13:50:20	Gathering database options
09.09.2022 13:50:20	Gathering generic database scoped configuration option
09.09.2022 13:50:20	Gathering users
09.09.2022 13:50:20	Gathering roles
09.09.2022 13:50:20	Gathering application roles
09.09.2022 13:50:20	Gathering role memberships
09.09.2022 13:50:20	Gathering filegroups
09.09.2022 13:50:20	Gathering full-text catalogs
09.09.2022 13:50:20	Gathering assemblies
09.09.2022 13:50:20	Gathering certificates
09.09.2022 13:50:20	Gathering asymmetric keys
09.09.2022 13:50:20	Gathering symmetric keys
09.09.2022 13:50:20	Gathering encrypted symmetric keys
09.09.2022 13:50:20	Gathering schemas
09.09.2022 13:50:20	Gathering XML schema collections
09.09.2022 13:50:20	Gathering user-defined data types
09.09.2022 13:50:20	Gathering user-defined types
09.09.2022 13:50:20	Gathering table types
09.09.2022 13:50:20	Gathering unique keys for table types
09.09.2022 13:50:20	Gathering primary keys for table types
09.09.2022 13:50:20	Gathering indexes for table types
09.09.2022 13:50:20	Gathering check constraints for table types
09.09.2022 13:50:20	Gathering default constraints for table types
09.09.2022 13:50:20	Gathering partition functions
09.09.2022 13:50:20	Gathering partition schemes
09.09.2022 13:50:20	Gathering functions
09.09.2022 13:50:20	Gathering encrypted functions
09.09.2022 13:50:20	Gathering aggregates
09.09.2022 13:50:20	Gathering procedures
09.09.2022 13:50:20	Gathering encrypted procedures
09.09.2022 13:50:20	Gathering tables
09.09.2022 13:50:20	Gathering primary keys
09.09.2022 13:50:20	Gathering unique constraints
09.09.2022 13:50:21	Gathering foreign keys
09.09.2022 13:50:21	Gathering default constraints
09.09.2022 13:50:21	Gathering check constraints
09.09.2022 13:50:21	Gathering views
09.09.2022 13:50:21	Gathering encrypted views
09.09.2022 13:50:21	Gathering indexes
09.09.2022 13:50:21	Gathering statistics
09.09.2022 13:50:21	Gathering full-text index stoplists
09.09.2022 13:50:21	Gathering search property lists
09.09.2022 13:50:21	Gathering search properties
09.09.2022 13:50:21	Gathering full-text indexes
09.09.2022 13:50:21	Gathering column store indexes
09.09.2022 13:50:21	Gathering spatial indexes
09.09.2022 13:50:21	Gathering XML indexes
09.09.2022 13:50:21	Gathering Selective XML indexes
09.09.2022 13:50:21	Gathering encrypted triggers
09.09.2022 13:50:21	Gathering triggers
09.09.2022 13:50:21	Gathering encrypted and clr ddl triggers
09.09.2022 13:50:21	Gathering ddl triggers
09.09.2022 13:50:21	Creating edge constraints
09.09.2022 13:50:21	Gathering synonyms
09.09.2022 13:50:21	Gathering defaults
09.09.2022 13:50:21	Gathering data constraint uddt bindings
09.09.2022 13:50:21	Gathering rules
09.09.2022 13:50:21	Gathering data constraint uddt bindings
09.09.2022 13:50:21	Gathering message types
09.09.2022 13:50:21	Gathering queues
09.09.2022 13:50:21	Gathering contracts
09.09.2022 13:50:21	Gathering services
09.09.2022 13:50:21	Gathering event notifications
09.09.2022 13:50:21	Gathering remote service bindings
09.09.2022 13:50:21	Gathering broker priorities
09.09.2022 13:50:21	Gathering signatures
09.09.2022 13:50:21	Gathering data compression options
09.09.2022 13:50:21	Gathering sequence types
09.09.2022 13:50:21	Gathering security policies
09.09.2022 13:50:21	Gather column encryption keys
09.09.2022 13:50:21	Gathering column master keys
09.09.2022 13:50:21	Gathering external data sources
09.09.2022 13:50:21	Gathering external file formats
09.09.2022 13:50:21	Gathering external tables
09.09.2022 13:50:21	Gathering extended properties
09.09.2022 13:50:21	Gathering assemblies
09.09.2022 13:50:21	Gathering credentials
09.09.2022 13:50:21	Gathering logins
09.09.2022 13:50:21	Gathering server audits
09.09.2022 13:50:21	Scanning project for duplicate elements
09.09.2022 13:50:21	Finished duplicate element processing
09.09.2022 13:50:21	Finished importing database.
09.09.2022 13:50:21	A summary of the import was saved to the following location: C:\Users\Miloš Truhlář\Desktop\DataModel\Import Schema Logs\DataModel_20220909115011.log
09.09.2022 13:50:21	Click Finish to continue...
